[    0.000000] Initializing cgroup subsys cpuset
[    0.000000] Initializing cgroup subsys cpu
[    0.000000] Initializing cgroup subsys cpuacct
[    0.000000] Linux version 4.4.0-210-generic (buildd@lgw01-amd64-009) (gcc version 5.4.0 20160609 (Ubuntu 5.4.0-6ubuntu1~16.04.12) ) #242-Ubuntu SMP Fri Apr 16 09:57:56 UTC 2021 (Ubuntu 4.4.0-210.242-generic 4.4.262)
[    0.000000] Command line: BOOT_IMAGE=/boot/vmlinuz-4.4.0-210-generic root=LABEL=cloudimg-rootfs ro console=tty1 console=ttyS0
[    0.000000] KERNEL supported cpus:
[    0.000000]   Intel GenuineIntel
[    0.000000]   AMD AuthenticAMD
[    0.000000]   Centaur CentaurHauls
[    0.000000] x86/fpu: xstate_offset[2]:  576, xstate_sizes[2]:  256
[    0.000000] x86/fpu: Supporting XSAVE feature 0x01: 'x87 floating point registers'
[    0.000000] x86/fpu: Supporting XSAVE feature 0x02: 'SSE registers'
[    0.000000] x86/fpu: Supporting XSAVE feature 0x04: 'AVX registers'
[    0.000000] x86/fpu: Enabled xstate features 0x7, context size is 832 bytes, using 'standard' format.
[    0.000000] e820: BIOS-provided physical RAM map:
[    0.000000] BIOS-e820: [mem 0x0000000000000000-0x000000000009fbff] usable
[    0.000000] BIOS-e820: [mem 0x000000000009fc00-0x000000000009ffff] reserved
[    0.000000] BIOS-e820: [mem 0x00000000000f0000-0x00000000000fffff] reserved
[    0.000000] BIOS-e820: [mem 0x0000000000100000-0x000000003ffeffff] usable
[    0.000000] BIOS-e820: [mem 0x000000003fff0000-0x000000003fffffff] ACPI data
[    0.000000] BIOS-e820: [mem 0x00000000fec00000-0x00000000fec00fff] reserved
[    0.000000] BIOS-e820: [mem 0x00000000fee00000-0x00000000fee00fff] reserved
[    0.000000] BIOS-e820: [mem 0x00000000fffc0000-0x00000000ffffffff] reserved
[    0.000000] NX (Execute Disable) protection: active
[    0.000000] SMBIOS 2.5 present.
[    0.000000] Hypervisor detected: KVM
[    0.000000] e820: last_pfn = 0x3fff0 max_arch_pfn = 0x400000000
[    0.000000] MTRR: Disabled
[    0.000000] x86/PAT: MTRRs disabled, skipping PAT initialization too.
[    0.000000] CPU MTRRs all blank - virtualized system.
[    0.000000] x86/PAT: Configuration [0-7]: WB  WT  UC- UC  WB  WT  UC- UC  
[    0.000000] found SMP MP-table at [mem 0x0009fff0-0x0009ffff] mapped at [ffff88000009fff0]
[    0.000000] Scanning 1 areas for low memory corruption
[    0.000000] RAMDISK: [mem 0x362dc000-0x37165fff]
[    0.000000] ACPI: Early table checksum verification disabled
[    0.000000] ACPI: RSDP 0x00000000000E0000 000024 (v02 VBOX  )
[    0.000000] ACPI: XSDT 0x000000003FFF0030 00003C (v01 VBOX   VBOXXSDT 00000001 ASL  00000061)
[    0.000000] ACPI: FACP 0x000000003FFF00F0 0000F4 (v04 VBOX   VBOXFACP 00000001 ASL  00000061)
[    0.000000] ACPI: DSDT 0x000000003FFF0470 002325 (v02 VBOX   VBOXBIOS 00000002 INTL 20100528)
[    0.000000] ACPI: FACS 0x000000003FFF0200 000040
[    0.000000] ACPI: FACS 0x000000003FFF0200 000040
[    0.000000] ACPI: APIC 0x000000003FFF0240 00005C (v02 VBOX   VBOXAPIC 00000001 ASL  00000061)
[    0.000000] ACPI: SSDT 0x000000003FFF02A0 0001CC (v01 VBOX   VBOXCPUT 00000002 INTL 20100528)
[    0.000000] No NUMA configuration found
[    0.000000] Faking a node at [mem 0x0000000000000000-0x000000003ffeffff]
[    0.000000] NODE_DATA(0) allocated [mem 0x3ffeb000-0x3ffeffff]
[    0.000000] kvm-clock: Using msrs 4b564d01 and 4b564d00
[    0.000000] kvm-clock: cpu 0, msr 0:3ffe3001, primary cpu clock
[    0.000000] kvm-clock: using sched offset of 3701048111 cycles
[    0.000000] clocksource: kvm-clock: mask: 0xffffffffffffffff max_cycles: 0x1cd42e4dffb, max_idle_ns: 881590591483 ns
[    0.000000] Zone ranges:
[    0.000000]   DMA      [mem 0x0000000000001000-0x0000000000ffffff]
[    0.000000]   DMA32    [mem 0x0000000001000000-0x000000003ffeffff]
[    0.000000]   Normal   empty
[    0.000000]   Device   empty
[    0.000000] Movable zone start for each node
[    0.000000] Early memory node ranges
[    0.000000]   node   0: [mem 0x0000000000001000-0x000000000009efff]
[    0.000000]   node   0: [mem 0x0000000000100000-0x000000003ffeffff]
[    0.000000] Initmem setup node 0 [mem 0x0000000000001000-0x000000003ffeffff]
[    0.000000] ACPI: PM-Timer IO Port: 0x4008
[    0.000000] IOAPIC[0]: apic_id 2, version 32, address 0xfec00000, GSI 0-23
[    0.000000] ACPI: INT_SRC_OVR (bus 0 bus_irq 0 global_irq 2 dfl dfl)
[    0.000000] ACPI: INT_SRC_OVR (bus 0 bus_irq 9 global_irq 9 low level)
[    0.000000] Using ACPI (MADT) for SMP configuration information
[    0.000000] smpboot: Allowing 2 CPUs, 0 hotplug CPUs
[    0.000000] PM: Registered nosave memory: [mem 0x00000000-0x00000fff]
[    0.000000] PM: Registered nosave memory: [mem 0x0009f000-0x0009ffff]
[    0.000000] PM: Registered nosave memory: [mem 0x000a0000-0x000effff]
[    0.000000] PM: Registered nosave memory: [mem 0x000f0000-0x000fffff]
[    0.000000] e820: [mem 0x40000000-0xfebfffff] available for PCI devices
[    0.000000] Booting paravirtualized kernel on KVM
[    0.000000] clocksource: refined-jiffies: mask: 0xffffffff max_cycles: 0xffffffff, max_idle_ns: 7645519600211568 ns
[    0.000000] setup_percpu: NR_CPUS:512 nr_cpumask_bits:512 nr_cpu_ids:2 nr_node_ids:1
[    0.000000] PERCPU: Embedded 33 pages/cpu @ffff88003fc00000 s95192 r8192 d31784 u1048576
[    0.000000] Built 1 zonelists in Node order, mobility grouping on.  Total pages: 257912
[    0.000000] Policy zone: DMA32
[    0.000000] Kernel command line: BOOT_IMAGE=/boot/vmlinuz-4.4.0-210-generic root=LABEL=cloudimg-rootfs ro console=tty1 console=ttyS0
[    0.000000] PID hash table entries: 4096 (order: 3, 32768 bytes)
[    0.000000] Memory: 997792K/1048120K available (8644K kernel code, 1332K rwdata, 4044K rodata, 1492K init, 1164K bss, 50328K reserved, 0K cma-reserved)
[    0.000000] SLUB: HWalign=64, Order=0-3, MinObjects=0, CPUs=2, Nodes=1
[    0.000000] Kernel/User page tables isolation: enabled
[    0.000000] Hierarchical RCU implementation.
[    0.000000] 	Build-time adjustment of leaf fanout to 64.
[    0.000000] 	RCU restricting CPUs from NR_CPUS=512 to nr_cpu_ids=2.
[    0.000000] RCU: Adjusting geometry for rcu_fanout_leaf=64, nr_cpu_ids=2
[    0.000000] NR_IRQS:33024 nr_irqs:440 16
[    0.000000] Console: colour VGA+ 80x25
[    0.000000] console [tty1] enabled
[    0.000000] console [ttyS0] enabled
[    0.000000] tsc: Detected 2399.996 MHz processor
[    0.267661] Calibrating delay loop (skipped) preset value.. 4799.99 BogoMIPS (lpj=9599984)
[    0.271168] pid_max: default: 32768 minimum: 301
[    0.272907] ACPI: Core revision 20150930
[    0.277128] ACPI: 2 ACPI AML tables successfully acquired and loaded
[    0.279520] Security Framework initialized
[    0.281108] Yama: becoming mindful.
[    0.282486] AppArmor: AppArmor initialized
[    0.285029] Dentry cache hash table entries: 131072 (order: 8, 1048576 bytes)
[    0.292759] Inode-cache hash table entries: 65536 (order: 7, 524288 bytes)
[    0.295050] Mount-cache hash table entries: 2048 (order: 2, 16384 bytes)
[    0.297103] Mountpoint-cache hash table entries: 2048 (order: 2, 16384 bytes)
[    0.299569] Initializing cgroup subsys io
[    0.300910] Initializing cgroup subsys memory
[    0.302454] Initializing cgroup subsys devices
[    0.303879] Initializing cgroup subsys freezer
[    0.305311] Initializing cgroup subsys net_cls
[    0.306893] Initializing cgroup subsys perf_event
[    0.308494] Initializing cgroup subsys net_prio
[    0.310082] Initializing cgroup subsys hugetlb
[    0.311594] Initializing cgroup subsys pids
[    0.314546] mce: CPU supports 0 MCE banks
[    0.316019] Last level iTLB entries: 4KB 64, 2MB 8, 4MB 8
[    0.318012] Last level dTLB entries: 4KB 64, 2MB 0, 4MB 0, 1GB 4
[    0.320082] Spectre V1 : Mitigation: usercopy/swapgs barriers and __user pointer sanitization
[    0.323348] Spectre V2 : Mitigation: Full generic retpoline
[    0.325087] Spectre V2 : Spectre v2 / SpectreRSB mitigation: Filling RSB on context switch
[    0.328019] Speculative Store Bypass: Vulnerable
[    0.329655] SRBDS: Unknown: Dependent on hypervisor status
[    0.331710] MDS: Mitigation: Clear CPU buffers
[    0.337868] Freeing SMP alternatives memory: 36K
[    0.348015] ftrace: allocating 32380 entries in 127 pages
[    0.437357] smpboot: APIC(0) Converting physical 0 to logical package 0
[    0.439718] smpboot: Max logical packages: 1
[    0.441817] x2apic enabled
[    0.443408] Switched APIC routing to physical x2apic.
[    0.447187] ..TIMER: vector=0x30 apic1=0 pin1=2 apic2=-1 pin2=-1
[    0.557502] smpboot: CPU0: Intel(R) Core(TM) i5-6200U CPU @ 2.30GHz (family: 0x6, model: 0x4e, stepping: 0x3)
[    0.561834] Performance Events: unsupported p6 CPU model 78 no PMU driver, software events only.
[    0.579910] KVM setup paravirtual spinlock
[    0.582335] x86: Booting SMP configuration:
[    0.583925] .... node  #0, CPUs:      #1
[    0.585749] kvm-clock: cpu 1, msr 0:3ffe3041, secondary cpu clock
[    0.589196] mce: CPU supports 0 MCE banks
[    0.592632] x86: Booted up 1 node, 2 CPUs
[    0.594668] smpboot: Total of 2 processors activated (9599.98 BogoMIPS)
[    0.597858] devtmpfs: initialized
[    0.601281] evm: security.selinux
[    0.602669] evm: security.SMACK64
[    0.604103] evm: security.SMACK64EXEC
[    0.605625] evm: security.SMACK64TRANSMUTE
[    0.607165] evm: security.SMACK64MMAP
[    0.608527] evm: security.ima
[    0.609890] evm: security.capability
[    0.611699] clocksource: jiffies: mask: 0xffffffff max_cycles: 0xffffffff, max_idle_ns: 7645041785100000 ns
[    0.615382] futex hash table entries: 512 (order: 3, 32768 bytes)
[    0.617987] pinctrl core: initialized pinctrl subsystem
[    0.620102] RTC time: 12:50:49, date: 06/17/22
[    0.622549] NET: Registered protocol family 16
[    0.634330] cpuidle: using governor ladder
[    0.647246] cpuidle: using governor menu
[    0.649157] PCCT header not found.
[    0.650654] ACPI: bus type PCI registered
[    0.652357] acpiphp: ACPI Hot Plug PCI Controller Driver version: 0.5
[    0.655695] PCI: Using configuration type 1 for base access
[    0.673014] ACPI: Added _OSI(Module Device)
[    0.674676] ACPI: Added _OSI(Processor Device)
[    0.676440] ACPI: Added _OSI(3.0 _SCP Extensions)
[    0.678553] ACPI: Added _OSI(Processor Aggregator Device)
[    0.681375] ACPI: Executed 1 blocks of module-level executable AML code
[    0.687101] ACPI: Interpreter enabled
[    0.688688] ACPI: (supports S0 S5)
[    0.690082] ACPI: Using IOAPIC for interrupt routing
[    0.692333] PCI: Using host bridge windows from ACPI; if necessary, use "pci=nocrs" and report a bug
[    0.701325] ACPI: PCI Root Bridge [PCI0] (domain 0000 [bus 00-ff])
[    0.703656] acpi PNP0A03:00: _OSC: OS supports [ASPM ClockPM Segments MSI]
[    0.706667] acpi PNP0A03:00: _OSC: not requesting OS control; OS requires [ExtendedConfig ASPM ClockPM MSI]
[    0.710513] acpi PNP0A03:00: fail to add MMCONFIG information, can't access extended PCI configuration space under this bridge.
[    0.715317] PCI host bridge to bus 0000:00
[    0.716983] pci_bus 0000:00: root bus resource [io  0x0000-0x0cf7 window]
[    0.719489] pci_bus 0000:00: root bus resource [io  0x0d00-0xffff window]
[    0.722261] pci_bus 0000:00: root bus resource [mem 0x000a0000-0x000bffff window]
[    0.725349] pci_bus 0000:00: root bus resource [mem 0x40000000-0xfdffffff window]
[    0.728440] pci_bus 0000:00: root bus resource [bus 00-ff]
[    0.733400] pci 0000:00:01.1: legacy IDE quirk: reg 0x10: [io  0x01f0-0x01f7]
[    0.735795] pci 0000:00:01.1: legacy IDE quirk: reg 0x14: [io  0x03f6]
[    0.738411] pci 0000:00:01.1: legacy IDE quirk: reg 0x18: [io  0x0170-0x0177]
[    0.757903] pci 0000:00:01.1: legacy IDE quirk: reg 0x1c: [io  0x0376]
[    0.785494] pci 0000:00:07.0: quirk: [io  0x4000-0x403f] claimed by PIIX4 ACPI
[    0.788588] pci 0000:00:07.0: quirk: [io  0x4100-0x410f] claimed by PIIX4 SMB
[    0.807560] ACPI: PCI Interrupt Link [LNKA] (IRQs 5 9 10 *11)
[    0.811145] ACPI: PCI Interrupt Link [LNKB] (IRQs 5 9 *10 11)
[    0.814419] ACPI: PCI Interrupt Link [LNKC] (IRQs 5 *9 10 11)
[    0.817343] ACPI: PCI Interrupt Link [LNKD] (IRQs 5 9 10 *11)
[    0.820352] ACPI: Enabled 2 GPEs in block 00 to 07
[    0.823064] vgaarb: setting as boot device: PCI:0000:00:02.0
[    0.825798] vgaarb: device added: PCI:0000:00:02.0,decodes=io+mem,owns=io+mem,locks=none
[    0.829022] vgaarb: loaded
[    0.830330] vgaarb: bridge control possible 0000:00:02.0
[    0.832926] SCSI subsystem initialized
[    0.835287] ACPI: bus type USB registered
[    0.837508] usbcore: registered new interface driver usbfs
[    0.841710] usbcore: registered new interface driver hub
[    0.844485] usbcore: registered new device driver usb
[    0.852141] PCI: Using ACPI for IRQ routing
[    0.854850] NetLabel: Initializing
[    0.856186] NetLabel:  domain hash size = 128
[    0.857759] NetLabel:  protocols = UNLABELED CIPSOv4
[    0.859873] NetLabel:  unlabeled traffic allowed by default
[    0.862520] amd_nb: Cannot enumerate AMD northbridges
[    0.864230] clocksource: Switched to clocksource kvm-clock
[    0.881413] AppArmor: AppArmor Filesystem Enabled
[    0.883783] pnp: PnP ACPI init
[    0.886581] pnp: PnP ACPI: found 3 devices
[    0.898700] clocksource: acpi_pm: mask: 0xffffff max_cycles: 0xffffff, max_idle_ns: 2085701024 ns
[    0.903101] NET: Registered protocol family 2
[    0.905296] TCP established hash table entries: 8192 (order: 4, 65536 bytes)
[    0.907536] TCP bind hash table entries: 8192 (order: 5, 131072 bytes)
[    0.909758] TCP: Hash tables configured (established 8192 bind 8192)
[    0.911851] UDP hash table entries: 512 (order: 2, 16384 bytes)
[    0.913819] UDP-Lite hash table entries: 512 (order: 2, 16384 bytes)
[    0.916013] NET: Registered protocol family 1
[    0.917593] pci 0000:00:00.0: Limiting direct PCI/PCI transfers
[    0.919547] pci 0000:00:01.0: Activating ISA DMA hang workarounds
[    0.921736] Unpacking initramfs...
[    1.219983] Freeing initrd memory: 14888K
[    1.221998] clocksource: tsc: mask: 0xffffffffffffffff max_cycles: 0x229833f6470, max_idle_ns: 440795327230 ns
[    1.225899] platform rtc_cmos: registered platform RTC device (no PNP device found)
[    1.229026] Scanning for low memory corruption every 60 seconds
[    1.231866] audit: initializing netlink subsys (disabled)
[    1.234371] audit: type=2000 audit(1655470254.944:1): initialized
[    1.237620] Initialise system trusted keyring
[    1.239950] HugeTLB registered 2 MB page size, pre-allocated 0 pages
[    1.243598] zbud: loaded
[    1.250403] VFS: Disk quotas dquot_6.6.0
[    1.252026] VFS: Dquot-cache hash table entries: 512 (order 0, 4096 bytes)
[    1.254775] squashfs: version 4.0 (2009/01/31) Phillip Lougher
[    1.257276] fuse init (API version 7.23)
[    1.259012] Key type big_key registered
[    1.260585] Allocating IMA MOK and blacklist keyrings.
[    1.265426] Key type asymmetric registered
[    1.267033] Asymmetric key parser 'x509' registered
[    1.268945] Block layer SCSI generic (bsg) driver version 0.4 loaded (major 249)
[    1.272073] io scheduler noop registered
[    1.273696] io scheduler deadline registered (default)
[    1.275637] io scheduler cfq registered
[    1.277267] pci_hotplug: PCI Hot Plug PCI Core version: 0.5
[    1.279304] pciehp: PCI Express Hot Plug Controller Driver version: 0.4
[    1.281864] ACPI: AC Adapter [AC] (on-line)
[    1.283605] input: Power Button as /devices/LNXSYSTM:00/LNXPWRBN:00/input/input0
[    1.286587] ACPI: Power Button [PWRF]
[    1.288185] input: Sleep Button as /devices/LNXSYSTM:00/LNXSLPBN:00/input/input1
[    1.291123] ACPI: Sleep Button [SLPF]
[    1.293071] GHES: HEST is not enabled!
[    1.293955] ACPI: Battery Slot [BAT0] (battery present)
[    1.297516] Serial: 8250/16550 driver, 32 ports, IRQ sharing enabled
[    1.321029] 00:02: ttyS0 at I/O 0x3f8 (irq = 4, base_baud = 115200) is a 16550A
[    1.325250] Linux agpgart interface v0.103
[    1.329714] loop: module loaded
[    1.332034] scsi host0: ata_piix
[    1.333500] scsi host1: ata_piix
[    1.335006] ata1: PATA max UDMA/33 cmd 0x1f0 ctl 0x3f6 bmdma 0xd000 irq 14
[    1.337667] ata2: PATA max UDMA/33 cmd 0x170 ctl 0x376 bmdma 0xd008 irq 15
[    1.340209] libphy: Fixed MDIO Bus: probed
[    1.341826] tun: Universal TUN/TAP device driver, 1.6
[    1.343761] tun: (C) 1999-2004 Max Krasnyansky <maxk@qualcomm.com>
[    1.345848] PPP generic driver version 2.4.2
[    1.347452] ehci_hcd: USB 2.0 'Enhanced' Host Controller (EHCI) Driver
[    1.349514] ehci-pci: EHCI PCI platform driver
[    1.351030] ehci-platform: EHCI generic platform driver
[    1.352725] ohci_hcd: USB 1.1 'Open' Host Controller (OHCI) Driver
[    1.354897] ohci-pci: OHCI PCI platform driver
[    1.356408] ohci-platform: OHCI generic platform driver
[    1.358215] uhci_hcd: USB Universal Host Controller Interface driver
[    1.361371] i8042: PNP: PS/2 Controller [PNP0303:PS2K,PNP0f03:PS2M] at 0x60,0x64 irq 1,12
[    1.365482] serio: i8042 KBD port at 0x60,0x64 irq 1
[    1.367130] serio: i8042 AUX port at 0x60,0x64 irq 12
[    1.369099] mousedev: PS/2 mouse device common for all mice
[    1.371620] input: AT Translated Set 2 keyboard as /devices/platform/i8042/serio0/input/input2
[    1.374953] rtc_cmos rtc_cmos: rtc core: registered rtc_cmos as rtc0
[    1.377365] rtc_cmos rtc_cmos: alarms up to one day, 114 bytes nvram
[    1.379336] i2c /dev entries driver
[    1.380786] device-mapper: uevent: version 1.0.3
[    1.382523] device-mapper: ioctl: 4.34.0-ioctl (2015-10-28) initialised: dm-devel@redhat.com
[    1.386196] ledtrig-cpu: registered to indicate activity on CPUs
[    1.389044] NET: Registered protocol family 10
[    1.391071] NET: Registered protocol family 17
[    1.392936] Key type dns_resolver registered
[    1.394922] registered taskstats version 1
[    1.396586] Loading compiled-in X.509 certificates
[    1.399286] Loaded X.509 cert 'Build time autogenerated kernel key: cf00e047681d67edb2720680708b7d9498083038'
[    1.403551] zswap: loaded using pool lzo/zbud
[    1.407678] Key type trusted registered
[    1.413502] Key type encrypted registered
[    1.415081] AppArmor: AppArmor sha1 policy hashing enabled
[    1.417353] ima: No TPM chip found, activating TPM-bypass!
[    1.419310] ima: Allocated hash algorithm: sha1
[    1.421090] evm: HMAC attrs: 0x1
[    1.422957]   Magic number: 10:337:835
[    1.424621] rtc_cmos rtc_cmos: setting system clock to 2022-06-17 12:50:50 UTC (1655470250)
[    1.427914] BIOS EDD facility v0.16 2004-Jun-25, 0 devices found
[    1.430325] EDD information not available.
[    2.277193] Freeing unused kernel memory: 1492K
[    2.294163] Write protecting the kernel read-only data: 14336k
[    2.297426] Freeing unused kernel memory: 1584K
[    2.299395] Freeing unused kernel memory: 52K
Loading, please wait...
starting version 229
[    2.320202] random: systemd-udevd: uninitialized urandom read (16 bytes read, 3 bits of entropy available)
[    2.320667] random: udevadm: uninitialized urandom read (16 bytes read, 3 bits of entropy available)
[    2.320688] random: udevadm: uninitialized urandom read (16 bytes read, 3 bits of entropy available)
[    2.331780] random: udevadm: uninitialized urandom read (16 bytes read, 3 bits of entropy available)
[    2.331832] random: udevadm: uninitialized urandom read (16 bytes read, 3 bits of entropy available)
[    2.332014] random: udevadm: uninitialized urandom read (16 bytes read, 3 bits of entropy available)
[    2.332077] random: udevadm: uninitialized urandom read (16 bytes read, 3 bits of entropy available)
[    2.332164] random: udevadm: uninitialized urandom read (16 bytes read, 3 bits of entropy available)
[    2.332279] random: udevadm: uninitialized urandom read (16 bytes read, 3 bits of entropy available)
[    2.332346] random: udevadm: uninitialized urandom read (16 bytes read, 3 bits of entropy available)
[    2.404121] Fusion MPT base driver 3.04.20
[    2.406868] Copyright (c) 1999-2008 LSI Corporation
[    2.412114] e1000: Intel(R) PRO/1000 Network Driver - version 7.3.21-k8-NAPI
[    2.415719] e1000: Copyright (c) 1999-2006 Intel Corporation.
[    2.443247] AVX2 version of gcm_enc/dec engaged.
[    2.446082] AES CTR mode by8 optimization enabled
[    2.467286] Fusion MPT SPI Host driver 3.04.20
[    2.672330] input: ImExPS/2 Generic Explorer Mouse as /devices/platform/i8042/serio1/input/input4
[    3.167134] e1000 0000:00:03.0 eth0: (PCI:33MHz:32-bit) 02:be:82:6b:cc:1d
[    3.169735] e1000 0000:00:03.0 eth0: Intel(R) PRO/1000 Network Connection
[    4.315545] e1000 0000:00:08.0 eth1: (PCI:33MHz:32-bit) 08:00:27:49:33:fc
[    4.317597] e1000 0000:00:08.0 eth1: Intel(R) PRO/1000 Network Connection
[    4.320863] mptbase: ioc0: Initiating bringup
[    4.322036] e1000 0000:00:03.0 enp0s3: renamed from eth0
[    4.334078] e1000 0000:00:08.0 enp0s8: renamed from eth1
[    4.389027] ioc0: LSI53C1030 A0: Capabilities={Initiator}
[    4.553056] scsi host2: ioc0: LSI53C1030 A0, FwRev=00000000h, Ports=1, MaxQ=256, IRQ=20
[    4.665628] scsi 2:0:0:0: Direct-Access     VBOX     HARDDISK         1.0  PQ: 0 ANSI: 5
[    4.669323] scsi target2:0:0: Beginning Domain Validation
[    4.673406] scsi target2:0:0: Domain Validation skipping write tests
[    4.675563] scsi target2:0:0: Ending Domain Validation
[    4.677700] scsi target2:0:0: asynchronous
[    4.680354] scsi 2:0:1:0: Direct-Access     VBOX     HARDDISK         1.0  PQ: 0 ANSI: 5
[    4.700114] scsi target2:0:1: Beginning Domain Validation
[    4.704111] scsi target2:0:1: Domain Validation skipping write tests
[    4.706231] scsi target2:0:1: Ending Domain Validation
[    4.708074] scsi target2:0:1: asynchronous
[    4.718543] sd 2:0:0:0: Attached scsi generic sg0 type 0
[    4.720785] sd 2:0:0:0: [sda] 83886080 512-byte logical blocks: (42.9 GB/40.0 GiB)
[    4.724515] sd 2:0:1:0: [sdb] 20480 512-byte logical blocks: (10.5 MB/10.0 MiB)
[    4.727527] sd 2:0:0:0: [sda] Write Protect is off
[    4.727566] sd 2:0:1:0: Attached scsi generic sg1 type 0
[    4.731966] sd 2:0:0:0: [sda] Incomplete mode parameter data
[    4.734159] sd 2:0:0:0: [sda] Assuming drive cache: write through
[    4.736282] sd 2:0:1:0: [sdb] Write Protect is off
[    4.738939] sd 2:0:1:0: [sdb] Incomplete mode parameter data
[    4.741210] sd 2:0:1:0: [sdb] Assuming drive cache: write through
[    4.755644]  sda: sda1
[    4.758172] sd 2:0:0:0: [sda] Attached SCSI disk
[    4.762182] sd 2:0:1:0: [sdb] Attached SCSI disk
Begin: Loading essential drivers ... [    6.359524] md: linear personality registered for level -1
[    6.366390] md: multipath personality registered for level -4
[    6.372831] md: raid0 personality registered for level 0
[    6.380717] md: raid1 personality registered for level 1
[    6.456400] raid6: sse2x1   gen()  8186 MB/s
[    6.524375] raid6: sse2x1   xor()  6385 MB/s
[    6.592385] raid6: sse2x2   gen() 11146 MB/s
[    6.660345] raid6: sse2x2   xor()  7732 MB/s
[    6.728406] raid6: sse2x4   gen() 12136 MB/s
[    6.796368] raid6: sse2x4   xor()  8350 MB/s
[    6.864332] raid6: avx2x1   gen() 17584 MB/s
[    6.932372] raid6: avx2x2   gen() 20112 MB/s
[    7.000356] raid6: avx2x4   gen() 22061 MB/s
[    7.001995] raid6: using algorithm avx2x4 gen() 22061 MB/s
[    7.004061] raid6: using avx2x2 recovery algorithm
[    7.008008] xor: automatically using best checksumming function:
[    7.048393]    avx       : 19056.000 MB/sec
[    7.051797] async_tx: api initialized (async)
[    7.066347] md: raid6 personality registered for level 6
[    7.068562] md: raid5 personality registered for level 5
[    7.070674] md: raid4 personality registered for level 4
[    7.081337] md: raid10 personality registered for level 10
done.
Begin: Running /scripts/init-premount ... done.
Begin: Mounting root file system ... Begin: Running /scripts/local-top ... done.
Begin: Running /scripts/local-premount ... [    7.128612] Btrfs loaded
Scanning for Btrfs filesystems
done.
Warning: fsck not present, so skipping root file system
[    7.176148] EXT4-fs (sda1): mounted filesystem with ordered data mode. Opts: (null)
done.
Begin: Running /scripts/local-bottom ... done.
Begin: Running /scripts/init-bottom ... done.
[    7.319142] systemd[1]: systemd 229 running in system mode. (+PAM +AUDIT +SELINUX +IMA +APPARMOR +SMACK +SYSVINIT +UTMP +LIBCRYPTSETUP +GCRYPT +GNUTLS +ACL +XZ -LZ4 +SECCOMP +BLKID +ELFUTILS +KMOD -IDN)
[    7.326759] systemd[1]: Detected virtualization oracle.
[    7.329315] systemd[1]: Detected architecture x86-64.

Welcome to [1mUbuntu 16.04.7 LTS[0m!

[    7.336548] systemd[1]: Set hostname to <ubuntu>.
[    7.341912] systemd[1]: Initializing machine ID from random generator.
[    7.344150] systemd[1]: Installed transient /etc/machine-id file.
[    7.564966] systemd[1]: Listening on udev Kernel Socket.
[[0;32m  OK  [0m] Listening on udev Kernel Socket.
[    7.569684] systemd[1]: Started Trigger resolvconf update for networkd DNS.
[[0;32m  OK  [0m] Started Trigger resolvconf update for networkd DNS.
[    7.575332] systemd[1]: Reached target System Time Synchronized.
[[0;32m  OK  [0m] Reached target System Time Synchronized.
[    7.579182] systemd[1]: Listening on Journal Audit Socket.
[[0;32m  OK  [0m] Listening on Journal Audit Socket.
[    7.583379] systemd[1]: Listening on fsck to fsckd communication Socket.
[[0;32m  OK  [0m] Listening on fsck to fsckd communication Socket.
[    7.588494] systemd[1]: Listening on LVM2 poll daemon socket.
[[0;32m  OK  [0m] Listening on LVM2 poll daemon socket.
[    7.592097] systemd[1]: Listening on LVM2 metadata daemon socket.
[[0;32m  OK  [0m] Listening on LVM2 metadata daemon socket.
[    7.595706] systemd[1]: Listening on /dev/initctl Compatibility Named Pipe.
[[0;32m  OK  [0m] Listening on /dev/initctl Compatibility Named Pipe.
[    7.599830] systemd[1]: Listening on udev Control Socket.
[[0;32m  OK  [0m] Listening on udev Control Socket.
[    7.603180] systemd[1]: Listening on Syslog Socket.
[[0;32m  OK  [0m] Listening on Syslog Socket.
[    7.606322] systemd[1]: Reached target User and Group Name Lookups.
[[0;32m  OK  [0m] Reached target User and Group Name Lookups.
[    7.610151] systemd[1]: Listening on Journal Socket (/dev/log).
[[0;32m  OK  [0m] Listening on Journal Socket (/dev/log).
[    7.614058] systemd[1]: Created slice System Slice.
[[0;32m  OK  [0m] Created slice System Slice.
[    7.617166] systemd[1]: Reached target Swap.
[[0;32m  OK  [0m] Reached target Swap.
[    7.619964] systemd[1]: Listening on Device-mapper event daemon FIFOs.
[[0;32m  OK  [0m] Listening on Device-mapper event daemon FIFOs.
[    7.624368] systemd[1]: Created slice User and Session Slice.
[[0;32m  OK  [0m] Created slice User and Session Slice.
[    7.627759] systemd[1]: Reached target Slices.
[[0;32m  OK  [0m] Reached target Slices.
[    7.630838] systemd[1]: Started Forward Password Requests to Wall Directory Watch.
[[0;32m  OK  [0m] Started Forward Password Requests to Wall Directory Watch.
[    7.635432] systemd[1]: Reached target Encrypted Volumes.
[[0;32m  OK  [0m] Reached target Encrypted Volumes.
[    7.639078] systemd[1]: Listening on Journal Socket.
[[0;32m  OK  [0m] Listening on Journal Socket.
[    7.652774] systemd[1]: Starting Nameserver information manager...
         Starting Nameserver information manager...
[    7.657806] systemd[1]: Starting Set console keymap...
         Starting Set console keymap...
[    7.662103] systemd[1]: Starting Create list of required static device nodes for the current kernel...
         Starting Create list of required st... nodes for the current kernel...
[    7.676184] systemd[1]: Starting Load Kernel Modules...
         Starting Load Kernel Modules...
[    7.684523] systemd[1]: Mounting POSIX Message Queue File System...
         Mounting POSIX Message Queue File System...
[    7.690222] systemd[1]: Starting Monitoring of LVM2 mirrors, snapshots etc. using dmeventd or progress polling...
         Starting Monitoring of LVM2 mirrors... dmeventd or progress polling...[    7.698032] Loading iSCSI transport class v2.0-870.

[    7.701134] systemd[1]: Starting File System Check on Root Device...
         Starting File System Check on Root Device...
[    7.708633] systemd[1]: Mounting Debug File System...
         Mounting Debug File System...
[    7.715647] systemd[1]: Starting Uncomplicated firewall...
         Starting Uncomplicated firewall...
[    7.726419] systemd[1]: Mounting Huge Pages File System...
         Mounting Huge Pages File System...
[    7.731039] systemd[1]: Starting Journal Service...
         Starting Journal Service...
[    7.736764] systemd[1]: Set up automount Arbitrary Executable File Formats File System Automount Point.
[    7.742459] iscsi: registered transport (tcp)
[[0;32m  OK  [0m] Set up automount Arbitrary Executab...ats File System Automount Point.
[    7.748705] systemd[1]: Created slice system-serial\x2dgetty.slice.
[[0;32m  OK  [0m] Created slice system-serial\x2dgetty.slice.
[    7.758607] systemd[1]: Mounted Huge Pages File System.
[[0;32m  OK  [0m] Mounted Huge Pages File System.
[    7.763107] systemd[1]: Mounted POSIX Message Queue File System.
[[0;32m  OK  [0m] Mounted POSIX Message Queue File System.
[    7.768388] systemd[1]: Mounted Debug File System.
[[0;32m  OK  [0m] Mounted Debug File System.
[    7.773683] systemd[1]: Started Create list of required static device nodes for the current kernel.
[[0;32m  OK  [0m] Started Create list of required sta...ce nodes for the current kernel.
[    7.793192] systemd[1]: Started File System Check on Root Device.
[[0;32m  OK  [0m] Started File System Check on Root Device.
[    7.798450] systemd[1]: Started Uncomplicated firewall.
[[0;32m  OK  [0m] Started Uncomplicated firewall.
[    7.820626] systemd[1]: Started Nameserver information manager.
[[0;32m  OK  [0m] Started Nameserver information manager.
[    7.826755] systemd[1]: Started Journal Service.
[[0;32m  OK  [0m] Started Journal Service.
[[0;32m  OK  [0m] Started LVM2 metadata daemon.
[[0;32m  OK  [0m] Started File System Check Daemon to report status.
         Starting Remount Root and Kernel File Systems...
         Starting Create Static Device Nodes in /dev...
[    7.849049] iscsi: registered transport (iser)
[    7.856085] EXT4-fs (sda1): re-mounted. Opts: (null)
[[0;32m  OK  [0m] Started Remount Root and Kernel File Systems.
         Starting udev Coldplug all Devices...
         Starting Flush Journal to Persistent Storage...
         Starting Load/Save Random Seed...
[[0;32m  OK  [0m] Started Load Kernel Modules.
         Starting Apply Kernel Variables...
         Mounting FUSE Control File System...
[[0;32m  OK  [0m] Started Load/Save Random Seed.
[[0;32m  OK  [0m] Mounted FUSE Control File System.
[    7.904218] systemd-journald[399]: Received request to flush runtime journal from PID 1
[[0;32m  OK  [0m] Started Create Static Device Nodes in /dev.
         Starting udev Kernel Device Manager...
[[0;32m  OK  [0m] Started Flush Journal to Persistent Storage.
[    7.931129] random: nonblocking pool is initialized
[[0;32m  OK  [0m] Started Apply Kernel Variables.
[[0;32m  OK  [0m] Started Set console keymap.
[[0;32m  OK  [0m] Started udev Kernel Device Manager.
[[0;32m  OK  [0m] Started udev Coldplug all Devices.
[[0;32m  OK  [0m] Started Dispatch Password Requests to Console Directory Watch.
[[0;32m  OK  [0m] Started Monitoring of LVM2 mirrors,...ng dmeventd or progress polling.
[[0;32m  OK  [0m] Reached target Local File Systems (Pre).
[[0;32m  OK  [0m] Reached target Local File Systems.
         Starting LSB: AppArmor initialization...
         Starting Commit a transient machine-id on disk...
         Starting Set console font and keymap...
         Starting Create Volatile Files and Directories...
         Starting Initial cloud-init job (pre-networking)...
         Starting Tell Plymouth To Write Out Runtime Data...
[[0;32m  OK  [0m] Started Commit a transient machine-id on disk.
[[0;32m  OK  [0m] Started Create Volatile Files and Directories.
[[0;32m  OK  [0m] Started Tell Plymouth To Write Out Runtime Data.
         Starting Update UTMP about System Boot/Shutdown...
[[0;32m  OK  [0m] Started Update UTMP about System Boot/Shutdown.
[[0;32m  OK  [0m] Found device /dev/ttyS0.
[[0;32m  OK  [0m] Listening on Load/Save RF Kill Switch Status /dev/rfkill Watch.
[   10.191125] cloud-init[499]: Cloud-init v. 21.1-19-gbad84ad4-0ubuntu1~16.04.2 running 'init-local' at Fri, 17 Jun 2022 12:50:58 +0000. Up 9.48 seconds.
[[0;32m  OK  [0m] Started Initial cloud-init job (pre-networking).
[[0;32m  OK  [0m] Reached target Network (Pre).
[[0;32m  OK  [0m] Started Set console font and keymap.
[[0;32m  OK  [0m] Created slice system-getty.slice.
[[0;32m  OK  [0m] Started LSB: AppArmor initialization.
         Starting Load AppArmor profiles managed internally by snapd...
         Starting Raise network interfaces...
[[0;32m  OK  [0m] Started Load AppArmor profiles managed internally by snapd.
[[0;32m  OK  [0m] Started Raise network interfaces.
[[0;32m  OK  [0m] Reached target Network.
         Starting Initial cloud-init job (metadata service crawler)...
[   13.357726] cloud-init[964]: Cloud-init v. 21.1-19-gbad84ad4-0ubuntu1~16.04.2 running 'init' at Fri, 17 Jun 2022 12:51:01 +0000. Up 12.10 seconds.
[   13.361697] cloud-init[964]: ci-info: ++++++++++++++++++++++++++++++++++++++Net device info+++++++++++++++++++++++++++++++++++++++
[   13.375486] cloud-init[964]: ci-info: +--------+-------+----------------------------+---------------+--------+-------------------+
[   13.379459] cloud-init[964]: ci-info: | Device |   Up  |          Address           |      Mask     | Scope  |     Hw-Address    |
[   13.382801] cloud-init[964]: ci-info: +--------+-------+----------------------------+---------------+--------+-------------------+
[   13.392724] cloud-init[964]: ci-info: | enp0s3 |  True |         10.0.2.15          | 255.255.255.0 | global | 02:be:82:6b:cc:1d |
[   13.396435] cloud-init[964]: ci-info: | enp0s3 |  True | fe80::be:82ff:fe6b:cc1d/64 |       .       |  link  | 02:be:82:6b:cc:1d |
[   13.400162] cloud-init[964]: ci-info: | enp0s8 | False |             .              |       .       |   .    | 08:00:27:49:33:fc |
[   13.408633] cloud-init[964]: ci-info: |   lo   |  True |         127.0.0.1          |   255.0.0.0   |  host  |         .         |
[   13.412268] cloud-init[964]: ci-info: |   lo   |  True |          ::1/128           |       .       |  host  |         .         |
[   13.416224] cloud-init[964]: ci-info: +--------+-------+----------------------------+---------------+--------+-------------------+
[   13.420412] cloud-init[964]: ci-info: +++++++++++++++++++++++++++Route IPv4 info++++++++++++++++++++++++++++
[   13.423728] cloud-init[964]: ci-info: +-------+-------------+----------+---------------+-----------+-------+
[   13.427840] cloud-init[964]: ci-info: | Route | Destination | Gateway  |    Genmask    | Interface | Flags |
[   13.436677] cloud-init[964]: ci-info: +-------+-------------+----------+---------------+-----------+-------+
[   13.440422] cloud-init[964]: ci-info: |   0   |   0.0.0.0   | 10.0.2.2 |    0.0.0.0    |   enp0s3  |   UG  |
[   13.448581] cloud-init[964]: ci-info: |   1   |   10.0.2.0  | 0.0.0.0  | 255.255.255.0 |   enp0s3  |   U   |
[   13.451471] cloud-init[964]: ci-info: +-------+-------------+----------+---------------+-----------+-------+
[   13.454545] cloud-init[964]: ci-info: +++++++++++++++++++Route IPv6 info+++++++++++++++++++
[   13.457367] cloud-init[964]: ci-info: +-------+-------------+---------+-----------+-------+
[   13.460457] cloud-init[964]: ci-info: | Route | Destination | Gateway | Interface | Flags |
[   13.463345] cloud-init[964]: ci-info: +-------+-------------+---------+-----------+-------+
[   13.466547] cloud-init[964]: ci-info: |   0   |  fe80::/64  |    ::   |   enp0s3  |   U   |
[   13.476726] cloud-init[964]: ci-info: |   3   |   ff00::/8  |    ::   |   enp0s3  |   U   |
[   13.484745] cloud-init[964]: ci-info: +-------+-------------+---------+-----------+-------+
[   13.487796] cloud-init[964]: Generating public/private rsa key pair.
[   13.490503] cloud-init[964]: Your identification has been saved in /etc/ssh/ssh_host_rsa_key.
[   13.493644] cloud-init[964]: Your public key has been saved in /etc/ssh/ssh_host_rsa_key.pub.
[   13.496853] cloud-init[964]: The key fingerprint is:
[   13.498716] cloud-init[964]: SHA256:dEozIWMjMFAi0i8+DFvGPu0ZRO8Uar0rSF7A3jdOuvE root@ubuntu-xenial
[   13.501000] cloud-init[964]: The key's randomart image is:
[   13.502973] cloud-init[964]: +---[RSA 2048]----+
[   13.504902] cloud-init[964]: |=++.. = .        |
[   13.506929] cloud-init[964]: |o....o.+ .       |
[   13.509408] cloud-init[964]: | o o + .= .      |
[   13.511427] cloud-init[964]: |. B = +o =       |
[   13.520750] cloud-init[964]: | X B o .S        |
[   13.524362] cloud-init[964]: |. O = *          |
[   13.532694] cloud-init[964]: | o *.B o         |
[   13.534732] cloud-init[964]: |  o =oo          |
[   13.536928] cloud-init[964]: |    .oE          |
[   13.538932] cloud-init[964]: +----[SHA256]-----+
[   13.540898] cloud-init[964]: Generating public/private dsa key pair.
[   13.543258] cloud-init[964]: Your identification has been saved in /etc/ssh/ssh_host_dsa_key.
[   13.546234] cloud-init[964]: Your public key has been saved in /etc/ssh/ssh_host_dsa_key.pub.
[   13.549696] cloud-init[964]: The key fingerprint is:
[   13.552137] cloud-init[964]: SHA256:IKtfWHHTMph1HcsA1EMSJRmdnumq+di9c3oIV2zqdWs root@ubuntu-xenial
[[0;32m  OK  [0m] Started Initial cloud-init job (metadata service crawler).
[[0;32m  OK  [0m] Reached target Network is Online.
[   13.554920] cloud-init[964]: The key's randomart image is:
[   13.560262] cloud-init[964]: +---[DSA 1024]----+
[   13.562257] cloud-init[964]: |       .OX=o..   |
[   13.563738] cloud-init[964]: |       +.==o..   |
[   13.567497]          Starting iSCSI initiator daemon (iscsid)...
[[0;32m  OK  [0m] Reached target System Initialization.
[[0;32m  OK  [0m] Started Message of the Day.
[[0;32m  OK  [0m] Listening on UUID daemon activation socket.
cloud-init[964]: |    . = =..=o    |
[   13.574012] cloud-init[964]: |     o + ++ +    |
         Starting LXD - unix socket.
[   13.578026] [[0;32m  OK  [0m] Started Ubuntu Advantage update messaging.
[[0;32m  OK  [0m] Started Daily Cleanup of Temporary Directories.
[[0;32m  OK  [0m] Listening on D-Bus System Message Bus Socket.
cloud-init[964]: |    . . S. +     |
[[0;32m  OK  [0m] Started ACPI Events Check.
[   13.584748] [cloud-init[0;32m  OK  [0m[964]: ] |   . o  . + . .  |Reached target Paths.

[   13.588199] cloud-init[964]: |  . . .  = o . . |
[   13.588699] cloud-init[964]: |   . . +..+ o E  |
[   13.589791] cloud-init[964]: |    . +oo +* .   |
[   13.590848] cloud-init[964]: +----[SHA256]-----+
[   13.591477] cloud-init[964]: Generating public/private ecdsa key pair.
[   13.592888] cloud-init[964]: Your identification has been saved in /etc/ssh/ssh_host_ecdsa_key.
[   13.593969] cloud-init[964]: Your public key has been saved in /etc/ssh/ssh_host_ecdsa_key.pub.
[   13.595110] cloud-init[964]: The key fingerprint is:
[   13.597907] cloud-init[964]: SHA256:hoKoSjSMI5PnfU5z82uyW3YcKLCoWsuWlYMTokKoi/4 root@ubuntu-xenial
[   13.599102] cloud-init[964]: The key's randomart image is:
[   13.600768] cloud-init[964]: +---[ECDSA 256]---+
         Starting Socket activation for snappy daemon.
[[0;32m  OK  [0m] Started Daily apt download activities.[   13.609523] cloud-init[964]: |                 |
[   13.609917] cloud-init[964]: |                 |
[   13.610623] cloud-init[964]: |.     .          |
[   13.611350] cloud-init[964]: |=+.. . +   .     |
[   13.611828] cloud-init[964]: |@=ooo.o S . .    |
[   13.612601] cloud-init[964]: |B=+o+. . . . .   |
[   13.613330] cloud-init[964]: |+o++..+ o o o    |
[   13.613805] cloud-init[964]: |=+o. + o.=..     |
[   13.614301] cloud-init[964]: |+o+E  . o=o.     |
[   13.614779] cloud-init[964]: +----[SHA256]-----+
[   13.615512] cloud-init[964]: Generating public/private ed25519 key pair.
[   13.616749] cloud-init[964]: Your identification has been saved in /etc/ssh/ssh_host_ed25519_key.
[   13.617743] cloud-init[964]: Your public key has been saved in /etc/ssh/ssh_host_ed25519_key.pub.
[   13.618498] cloud-init[964]: The key fingerprint is:
[   13.619261] cloud-init[964]: SHA256:jwNHCb4DLTCDNcyWR/QW0cvOS4P71OzOf/EUkDLJQyA root@ubuntu-xenial
[   13.619776] cloud-init[964]: The key's randomart image is:
[   13.621150] cloud-init[964]: +--[ED25519 256]--+
[   13.621618] cloud-init[964]: | =*+o +E .+.. .  |
[   13.622518] cloud-init[964]: |. ==.+ oo. * o   |
[   13.623009] cloud-init[964]: | . .o =.o.  + .  |

[[0;32m  OK  [0m] Started Daily apt upgrade and clean activities.
[[0;32m  OK  [0m] Reached target Timers.
[   13.624183] cloud-init[964]: |     + oo      . |
[   13.646106] cloud-init[964]: |      ++S       .|
[[0;32m  OK  [0m] Listening on ACPID Listen Socket.
[   13.650676] cloud-init[964]: |      .+==    . .|
[   13.654764] cloud-init[964]: |       o+o+    + |
[[0;32m  OK  [0m] Reached target Cloud-config availability.
[   13.660585] cloud-init[964]: |      ...+    . .|
[   13.664241] cloud-init[964]: |       ...+...   |
[   13.666040] cloud-init[964]: +----[SHA256]-----+
[[0;32m  OK  [0m] Listening on LXD - unix socket.
[[0;32m  OK  [0m] Listening on Socket activation for snappy daemon.
[[0;32m  OK  [0m] Reached target Sockets.
[[0;32m  OK  [0m] Reached target Basic System.
         Starting LXD - container startup/shutdown...
[[0;32m  OK  [0m] Started ACPI event daemon.
         Starting LSB: MD monitoring daemon...
         Starting Login Service...
[[0;32m  OK  [0m] Started D-Bus System Message Bus.
         Starting Virtualbox guest utils...
         Starting LSB: Record successful boot for GRUB...
         Starting System Logging Service...
         Starting /etc/rc.local Compatibility...
         Starting Accounts Service...
[[0;32m  OK  [0m] Started Regular background program processing daemon.
         Starting Snap Daemon...
         Starting Pollinate to seed the pseudo random number generator...
[[0;32m  OK  [0m] Started Deferred execution scheduler.
[[0;32m  OK  [0m] Started FUSE filesystem for LXC.
[[0;32m  OK  [0m] Started iSCSI initiator daemon (iscsid).
[[0;32m  OK  [0m] Started /etc/rc.local Compatibility.
         Starting Login to default iSCSI targets...
[[0;32m  OK  [0m] Started Login Service.
[[0;32m  OK  [0m] Started Unattended Upgrades Shutdown.
[[0;32m  OK  [0m] Started System Logging Service.
[[0;32m  OK  [0m] Started LSB: MD monitoring daemon.
[[0;32m  OK  [0m] Started LSB: Record successful boot for GRUB.
[[0;32m  OK  [0m] Started Login to default iSCSI targets.
[[0;32m  OK  [0m] Reached target Remote File Systems (Pre).
[[0;32m  OK  [0m] Reached target Remote File Systems.
         Starting LSB: Set the CPU Frequency Scaling governor to "ondemand"...
         Starting LSB: daemon to balance interrupts for SMP systems...
         Starting LSB: automatic crash report generation...
         Starting Permit User Sessions...
[[0;32m  OK  [0m] Started LXD - container startup/shutdown.
[[0;32m  OK  [0m] Started Permit User Sessions.
         Starting Terminate Plymouth Boot Screen...
         Starting Hold until boot process finishes up...
[[0;32m  OK  [0m] Started Hold until boot process finishes up.
         Starting Set console scheme...
[[0;32m  OK  [0m] Started Getty on tty1.
[[0;32m  OK  [0m] Started Serial Getty on ttyS0.
[[0;32m  OK  [0m] Reached target Login Prompts.
         Starting Authenticate and Authorize Users to Run Privileged Tasks...
[[0;32m  OK  [0m] Started Terminate Plymouth Boot Screen.
[[0;32m  OK  [0m] Started LSB: Set the CPU Frequency Scaling governor to "ondemand".
[[0;32m  OK  [0m] Started Set console scheme.
[[0;32m  OK  [0m] Started LSB: automatic crash report generation.
[[0;32m  OK  [0m] Started LSB: daemon to balance interrupts for SMP systems.
[[0;32m  OK  [0m] Started Authenticate and Authorize Users to Run Privileged Tasks.
[[0;32m  OK  [0m] Started Accounts Service.
[[0;32m  OK  [0m] Started Virtualbox guest utils.
[[0;32m  OK  [0m] Started Snap Daemon.
         Starting Wait until snapd is fully seeded...
[[0;32m  OK  [0m] Started Pollinate to seed the pseudo random number generator.
         Starting OpenBSD Secure Shell server...
[[0;32m  OK  [0m] Started OpenBSD Secure Shell server.
[[0;32m  OK  [0m] Created slice User Slice of vagrant.
         Starting User Manager for UID 1000...
[[0;32m  OK  [0m] Started Session 1 of user vagrant.
[[0;32m  OK  [0m] Started User Manager for UID 1000.
[[0;32m  OK  [0m] Started Wait until snapd is fully seeded.
         Starting Apply the settings specified in cloud-config...
[[0;32m  OK  [0m] Reached target Multi-User System.
[[0;32m  OK  [0m] Reached target Graphical Interface.
         Starting Update UTMP about System Runlevel Changes...
[[0;32m  OK  [0m] Started Update UTMP about System Runlevel Changes.
[   18.169368] cloud-init[1423]: Generating locales (this might take a while)...
[   20.083431] cloud-init[1423]:   en_US.UTF-8... done
[   20.085783] cloud-init[1423]: Generation complete.

Ubuntu 16.04.7 LTS ubuntu-xenial ttyS0

ubuntu-xenial login: [   20.644404] cloud-init[1423]: Cloud-init v. 21.1-19-gbad84ad4-0ubuntu1~16.04.2 running 'modules:config' at Fri, 17 Jun 2022 12:51:07 +0000. Up 17.90 seconds.
ci-info: no authorized SSH keys fingerprints found for user ubuntu.
<14>Jun 17 12:51:10 ec2: 
<14>Jun 17 12:51:10 ec2: #############################################################
<14>Jun 17 12:51:10 ec2: -----BEGIN SSH HOST KEY FINGERPRINTS-----
<14>Jun 17 12:51:10 ec2: 1024 SHA256:IKtfWHHTMph1HcsA1EMSJRmdnumq+di9c3oIV2zqdWs root@ubuntu-xenial (DSA)
<14>Jun 17 12:51:10 ec2: 256 SHA256:hoKoSjSMI5PnfU5z82uyW3YcKLCoWsuWlYMTokKoi/4 root@ubuntu-xenial (ECDSA)
<14>Jun 17 12:51:10 ec2: 256 SHA256:jwNHCb4DLTCDNcyWR/QW0cvOS4P71OzOf/EUkDLJQyA root@ubuntu-xenial (ED25519)
<14>Jun 17 12:51:10 ec2: 2048 SHA256:dEozIWMjMFAi0i8+DFvGPu0ZRO8Uar0rSF7A3jdOuvE root@ubuntu-xenial (RSA)
<14>Jun 17 12:51:10 ec2: -----END SSH HOST KEY FINGERPRINTS-----
<14>Jun 17 12:51:10 ec2: #############################################################
-----BEGIN SSH HOST KEY KEYS-----
ecdsa-sha2-nistp256 AAAAE2VjZHNhLXNoYTItbmlzdHAyNTYAAAAIbmlzdHAyNTYAAABBBMWROWtYooSr6AozYljrHTO/If7bCqnS26q0kSfOlswd5K62yv87r2sJxFyKhaFHzKb43Lt4UsZz/nHFC3Sb5Ow= root@ubuntu-xenial
ssh-ed25519 AAAAC3NzaC1lZDI1NTE5AAAAIFMGF8viv090r8XD/rSZOfkyJ5TIZYRFpeXP5X4HGTBw root@ubuntu-xenial
ssh-rsa AAAAB3NzaC1yc2EAAAADAQABAAABAQDbOzxJqH3vRMTqTpxLkOuyfLK9aBTUKUW1Gcous4OxchjqVHg5CRKQEXlXY0V0/cdkl/YA+D3a059xCSLkH9gprVJ0Qqaf/Qq8/Z0cdqxxKTkR9N2bdcqGJ9xjHLWBM2FgYSdi4RD3AFcdiko52JyGkWAQRY3MUbID0VsbnqxpXAc3eijDHmqD+3Tb/q3zN2gDyTQGUw/WyWDqFrhnwrNrL9O29QmH9oLDMUi61AfXRqfjDPVNrjWGXcHeCfkv7Rz4NlyRK8KPVyoQpYuWkX2i2mg1op3lySawsBa7A/4tH+89GW31NrxyynkzlFnPifE9BTYZQCLEoWxBLbetqRW1 root@ubuntu-xenial
-----END SSH HOST KEY KEYS-----
[   21.626589] cloud-init[1610]: Cloud-init v. 21.1-19-gbad84ad4-0ubuntu1~16.04.2 running 'modules:final' at Fri, 17 Jun 2022 12:51:10 +0000. Up 21.34 seconds.
[   21.626868] cloud-init[1610]: ci-info: no authorized SSH keys fingerprints found for user ubuntu.
[   21.627532] cloud-init[1610]: Cloud-init v. 21.1-19-gbad84ad4-0ubuntu1~16.04.2 finished at Fri, 17 Jun 2022 12:51:11 +0000. Datasource DataSourceNoCloud [seed=/dev/sdb][dsmode=net].  Up 21.61 seconds
         Stopping Session 3 of user vagrant.
[[0;32m  OK  [0m] Stopped target Timers.
[[0;32m  OK  [0m] Stopped Daily apt upgrade and clean activities.
[[0;32m  OK  [0m] Stopped Ubuntu Advantage update messaging.
[[0;32m  OK  [0m] Stopped Daily apt download activities.
[[0;32m  OK  [0m] Stopped Message of the Day.
[[0;32m  OK  [0m] Stopped target System Time Synchronized.
[[0;32m  OK  [0m] Closed Load/Save RF Kill Switch Status /dev/rfkill Watch.
[[0;32m  OK  [0m] Stopped target Cloud-init target.
[[0;32m  OK  [0m] Stopped Execute cloud user/final scripts.
[[0;32m  OK  [0m] Stopped Apply the settings specified in cloud-config.
[[0;32m  OK  [0m] Stopped target Cloud-config availability.
         Stopping ACPI event daemon...
[[0;32m  OK  [0m] Stopped target Graphical Interface.
         Stopping Accounts Service...
[[0;32m  OK  [0m] Stopped Daily Cleanup of Temporary Directories.
         Stopping Authenticate and Authorize Users to Run Privileged Tasks...
         Stopping User Manager for UID 1000...
[[0;32m  OK  [0m] Stopped target Multi-User System.
         Stopping D-Bus System Message Bus...
         Stopping LSB: Record successful boot for GRUB...
         Stopping OpenBSD Secure Shell server...
         Stopping Regular background program processing daemon...
         Stopping LSB: automatic crash report generation...
         Stopping LSB: Set the CPU Frequency Scaling governor to "ondemand"...
         Stopping A high performance web server and a reverse proxy server...
         Stopping Deferred execution scheduler...
         Stopping System Logging Service...
[[0;32m  OK  [0m] Stopped Wait until snapd is fully seeded.
         Stopping LSB: MD monitoring daemon...
         Stopping Virtualbox guest utils...
         Stopping FUSE filesystem for LXC...
         Stopping LSB: daemon to balance interrupts for SMP systems...
         Stopping LXD - container startup/shutdown...
[[0;32m  OK  [0m] Stopped target Login Prompts.
         Stopping Getty on tty1...
         Stopping Serial Getty on ttyS0...
[[0;32m  OK  [0m] Unmounted /var/lib/lxcfs.
[[0;32m  OK  [0m] Stopped ACPI event daemon.
[[0;32m  OK  [0m] Stopped System Logging Service.
[[0;32m  OK  [0m] Stopped Accounts Service.
[[0;32m  OK  [0m] Stopped Regular background program processing daemon.
[[0;32m  OK  [0m] Stopped Deferred execution scheduler.
[[0;32m  OK  [0m] Stopped Getty on tty1.
[[0;32m  OK  [0m] Stopped Serial Getty on ttyS0.
[[0;32m  OK  [0m] Stopped Authenticate and Authorize Users to Run Privileged Tasks.
[[0;32m  OK  [0m] Stopped OpenBSD Secure Shell server.
[[0;32m  OK  [0m] Stopped User Manager for UID 1000.
[[0;32m  OK  [0m] Stopped Session 3 of user vagrant.
[[0;32m  OK  [0m] Stopped D-Bus System Message Bus.
[[0;32m  OK  [0m] Stopped A high performance web server and a reverse proxy server.
[[0;32m  OK  [0m] Stopped FUSE filesystem for LXC.
[[0;32m  OK  [0m] Stopped LSB: Record successful boot for GRUB.
[[0;32m  OK  [0m] Stopped LSB: Set the CPU Frequency Scaling governor to "ondemand".
[[0;32m  OK  [0m] Stopped LSB: MD monitoring daemon.
[[0;32m  OK  [0m] Stopped LSB: daemon to balance interrupts for SMP systems.
[[0;32m  OK  [0m] Stopped Virtualbox guest utils.
[[0;32m  OK  [0m] Stopped LXD - container startup/shutdown.
[[0;32m  OK  [0m] Stopped LSB: automatic crash report generation.
[[0;32m  OK  [0m] Removed slice User Slice of vagrant.
         Stopping Login Service...
[[0;32m  OK  [0m] Removed slice system-serial\x2dgetty.slice.
         Stopping Permit User Sessions...
[[0;32m  OK  [0m] Removed slice system-getty.slice.
[[0;32m  OK  [0m] Stopped /etc/rc.local Compatibility.
[[0;32m  OK  [0m] Stopped Permit User Sessions.
[[0;32m  OK  [0m] Stopped target Remote File Systems.
         Unmounting /vagrant...
[[0;32m  OK  [0m] Unmounted /vagrant.
[[0;32m  OK  [0m] Stopped target Remote File Systems (Pre).
         Stopping Login to default iSCSI targets...
[[0;32m  OK  [0m] Stopped Login Service.
[[0;32m  OK  [0m] Stopped target Basic System.
[[0;32m  OK  [0m] Stopped target Slices.
[[0;32m  OK  [0m] Stopped target Sockets.
[[0;32m  OK  [0m] Closed LXD - unix socket.
[[0;32m  OK  [0m] Closed Syslog Socket.
[[0;32m  OK  [0m] Closed Socket activation for snappy daemon.
[[0;32m  OK  [0m] Closed ACPID Listen Socket.
[[0;32m  OK  [0m] Closed UUID daemon activation socket.
[[0;32m  OK  [0m] Stopped target Paths.
[[0;32m  OK  [0m] Stopped ACPI Events Check.
[[0;32m  OK  [0m] Stopped Dispatch Password Requests to Console Directory Watch.
[[0;32m  OK  [0m] Stopped Forward Password Requests to Wall Directory Watch.
[[0;32m  OK  [0m] Closed D-Bus System Message Bus Socket.
[[0;32m  OK  [0m] Stopped target System Initialization.
[[0;32m  OK  [0m] Stopped Commit a transient machine-id on disk.
[[0;32m  OK  [0m] Stopped target Encrypted Volumes.
[[0;32m  OK  [0m] Stopped target Swap.
         Stopping Update UTMP about System Boot/Shutdown...
         Stopping Load/Save Random Seed...
[[0;32m  OK  [0m] Stopped target User and Group Name Lookups.
[[0;32m  OK  [0m] Removed slice User and Session Slice.
[[0;32m  OK  [0m] Stopped Load/Save Random Seed.
[[0;32m  OK  [0m] Stopped Update UTMP about System Boot/Shutdown.
[[0;32m  OK  [0m] Stopped Create Volatile Files and Directories.
[[0;32m  OK  [0m] Stopped Login to default iSCSI targets.
         Stopping iSCSI initiator daemon (iscsid)...
[[0;32m  OK  [0m] Stopped iSCSI initiator daemon (iscsid).
[[0;32m  OK  [0m] Stopped target Network is Online.
[[0;32m  OK  [0m] Stopped Initial cloud-init job (metadata service crawler).
[[0;32m  OK  [0m] Stopped target Network.
         Stopping Raise network interfaces...
[[0;32m  OK  [0m] Stopped Raise network interfaces.
[[0;32m  OK  [0m] Stopped target Network (Pre).
[[0;32m  OK  [0m] Stopped Initial cloud-init job (pre-networking).
[[0;32m  OK  [0m] Stopped Apply Kernel Variables.
[[0;32m  OK  [0m] Stopped Load Kernel Modules.
[[0;32m  OK  [0m] Stopped target Local File Systems.
         Unmounting /run/user/1000...
[[0;32m  OK  [0m] Unmounted /run/user/1000.
[[0;32m  OK  [0m] Reached target Unmount All Filesystems.
[[0;32m  OK  [0m] Stopped target Local File Systems (Pre).
[[0;32m  OK  [0m] Stopped Create Static Device Nodes in /dev.
         Stopping Monitoring of LVM2 mirrors... dmeventd or progress polling...
[[0;32m  OK  [0m] Stopped Remount Root and Kernel File Systems.
[[0;32m  OK  [0m] Reached target Shutdown.
[  762.028083] reboot: Power down
